This file contains any messages produced by compilers while
running configure, to aid debugging if configure makes a mistake.

It was created by tokyocabinet-java configure 1.24, which was
generated by GNU Autoconf 2.65.  Invocation command line was

  $ ./configure 

## --------- ##
## Platform. ##
## --------- ##

hostname = sergey-acer
uname -m = x86_64
uname -r = 3.13.0-24-generic
uname -s = Linux
uname -v = #46-Ubuntu SMP Thu Apr 10 19:11:08 UTC 2014

/usr/bin/uname -p = unknown
/bin/uname -X     = unknown

/bin/arch              = unknown
/usr/bin/arch -k       = unknown
/usr/convex/getsysinfo = unknown
/usr/bin/hostinfo      = unknown
/bin/machine           = unknown
/usr/bin/oslevel       = unknown
/bin/universe          = unknown

PATH: /usr/local/sbin
PATH: /usr/local/bin
PATH: /usr/sbin
PATH: /usr/bin
PATH: /sbin
PATH: /bin
PATH: /usr/games
PATH: /usr/local/games


## ----------- ##
## Core tests. ##
## ----------- ##

configure:2172: checking for gcc
configure:2188: found /usr/bin/gcc
configure:2199: result: gcc
configure:2428: checking for C compiler version
configure:2437: gcc --version >&5
gcc (Ubuntu 4.8.2-19ubuntu1) 4.8.2
Copyright (C) 2013 Free Software Foundation, Inc.
This is free software; see the source for copying conditions.  There is NO
warranty; not even for MERCHANTABILITY or FITNESS FOR A PARTICULAR PURPOSE.

configure:2448: $? = 0
configure:2437: gcc -v >&5
Using built-in specs.
COLLECT_GCC=gcc
COLLECT_LTO_WRAPPER=/usr/lib/gcc/x86_64-linux-gnu/4.8/lto-wrapper
Target: x86_64-linux-gnu
Configured with: ../src/configure -v --with-pkgversion='Ubuntu 4.8.2-19ubuntu1' --with-bugurl=file:///usr/share/doc/gcc-4.8/README.Bugs --enable-languages=c,c++,java,go,d,fortran,objc,obj-c++ --prefix=/usr --program-suffix=-4.8 --enable-shared --enable-linker-build-id --libexecdir=/usr/lib --without-included-gettext --enable-threads=posix --with-gxx-include-dir=/usr/include/c++/4.8 --libdir=/usr/lib --enable-nls --with-sysroot=/ --enable-clocale=gnu --enable-libstdcxx-debug --enable-libstdcxx-time=yes --enable-gnu-unique-object --disable-libmudflap --enable-plugin --with-system-zlib --disable-browser-plugin --enable-java-awt=gtk --enable-gtk-cairo --with-java-home=/usr/lib/jvm/java-1.5.0-gcj-4.8-amd64/jre --enable-java-home --with-jvm-root-dir=/usr/lib/jvm/java-1.5.0-gcj-4.8-amd64 --with-jvm-jar-dir=/usr/lib/jvm-exports/java-1.5.0-gcj-4.8-amd64 --with-arch-directory=amd64 --with-ecj-jar=/usr/share/java/eclipse-ecj.jar --enable-objc-gc --enable-multiarch --disable-werror --with-arch-32=i686 --with-abi=m64 --with-multilib-list=m32,m64,mx32 --with-tune=generic --enable-checking=release --build=x86_64-linux-gnu --host=x86_64-linux-gnu --target=x86_64-linux-gnu
Thread model: posix
gcc version 4.8.2 (Ubuntu 4.8.2-19ubuntu1) 
configure:2448: $? = 0
configure:2437: gcc -V >&5
gcc: error: unrecognized command line option '-V'
gcc: fatal error: no input files
compilation terminated.
configure:2448: $? = 4
configure:2437: gcc -qversion >&5
gcc: error: unrecognized command line option '-qversion'
gcc: fatal error: no input files
compilation terminated.
configure:2448: $? = 4
configure:2468: checking whether the C compiler works
configure:2490: gcc  -I/usr/lib/jvm/java-7-openjdk-amd64/include/  conftest.c  >&5
configure:2494: $? = 0
configure:2543: result: yes
configure:2546: checking for C compiler default output file name
configure:2548: result: a.out
configure:2554: checking for suffix of executables
configure:2561: gcc -o conftest  -I/usr/lib/jvm/java-7-openjdk-amd64/include/  conftest.c  >&5
configure:2565: $? = 0
configure:2587: result: 
configure:2609: checking whether we are cross compiling
configure:2617: gcc -o conftest  -I/usr/lib/jvm/java-7-openjdk-amd64/include/  conftest.c  >&5
configure:2621: $? = 0
configure:2628: ./conftest
configure:2632: $? = 0
configure:2647: result: no
configure:2652: checking for suffix of object files
configure:2674: gcc -c  -I/usr/lib/jvm/java-7-openjdk-amd64/include/ conftest.c >&5
configure:2678: $? = 0
configure:2699: result: o
configure:2703: checking whether we are using the GNU C compiler
configure:2722: gcc -c  -I/usr/lib/jvm/java-7-openjdk-amd64/include/ conftest.c >&5
configure:2722: $? = 0
configure:2731: result: yes
configure:2740: checking whether gcc accepts -g
configure:2760: gcc -c -g -I/usr/lib/jvm/java-7-openjdk-amd64/include/ conftest.c >&5
configure:2760: $? = 0
configure:2801: result: yes
configure:2818: checking for gcc option to accept ISO C89
configure:2882: gcc  -c -g -O2 -I/usr/lib/jvm/java-7-openjdk-amd64/include/ conftest.c >&5
configure:2882: $? = 0
configure:2895: result: none needed
configure:2918: checking for main in -lc
configure:2937: gcc -o conftest -g -O2 -I/usr/lib/jvm/java-7-openjdk-amd64/include/  conftest.c -lc   >&5
configure:2937: $? = 0
configure:2946: result: yes
configure:2957: checking for main in -lm
configure:2976: gcc -o conftest -g -O2 -I/usr/lib/jvm/java-7-openjdk-amd64/include/  conftest.c -lm  -lc  >&5
configure:2976: $? = 0
configure:2985: result: yes
configure:2996: checking for main in -lpthread
configure:3015: gcc -o conftest -g -O2 -I/usr/lib/jvm/java-7-openjdk-amd64/include/  conftest.c -lpthread  -lm -lc  >&5
configure:3015: $? = 0
configure:3024: result: yes
configure:3035: checking for main in -lz
configure:3054: gcc -o conftest -g -O2 -I/usr/lib/jvm/java-7-openjdk-amd64/include/  conftest.c -lz  -lpthread -lm -lc  >&5
configure:3054: $? = 0
configure:3063: result: yes
configure:3074: checking for main in -lbz2
configure:3093: gcc -o conftest -g -O2 -I/usr/lib/jvm/java-7-openjdk-amd64/include/  conftest.c -lbz2  -lz -lpthread -lm -lc  >&5
configure:3093: $? = 0
configure:3102: result: yes
configure:3113: checking for main in -ltokyocabinet
configure:3132: gcc -o conftest -g -O2 -I/usr/lib/jvm/java-7-openjdk-amd64/include/  conftest.c -ltokyocabinet  -lbz2 -lz -lpthread -lm -lc  >&5
configure:3132: $? = 0
configure:3141: result: yes
configure:3159: checking how to run the C preprocessor
configure:3190: gcc -E -I/usr/lib/jvm/java-7-openjdk-amd64/include/ conftest.c
configure:3190: $? = 0
configure:3204: gcc -E -I/usr/lib/jvm/java-7-openjdk-amd64/include/ conftest.c
conftest.c:15:28: fatal error: ac_nonexistent.h: No such file or directory
 #include <ac_nonexistent.h>
                            ^
compilation terminated.
configure:3204: $? = 1
configure: failed program was:
| /* confdefs.h */
| #define PACKAGE_NAME "tokyocabinet-java"
| #define PACKAGE_TARNAME "tokyocabinet-java"
| #define PACKAGE_VERSION "1.24"
| #define PACKAGE_STRING "tokyocabinet-java 1.24"
| #define PACKAGE_BUGREPORT ""
| #define PACKAGE_URL ""
| #define HAVE_LIBC 1
| #define HAVE_LIBM 1
| #define HAVE_LIBPTHREAD 1
| #define HAVE_LIBZ 1
| #define HAVE_LIBBZ2 1
| #define HAVE_LIBTOKYOCABINET 1
| /* end confdefs.h.  */
| #include <ac_nonexistent.h>
configure:3229: result: gcc -E
configure:3249: gcc -E -I/usr/lib/jvm/java-7-openjdk-amd64/include/ conftest.c
configure:3249: $? = 0
configure:3263: gcc -E -I/usr/lib/jvm/java-7-openjdk-amd64/include/ conftest.c
conftest.c:15:28: fatal error: ac_nonexistent.h: No such file or directory
 #include <ac_nonexistent.h>
                            ^
compilation terminated.
configure:3263: $? = 1
configure: failed program was:
| /* confdefs.h */
| #define PACKAGE_NAME "tokyocabinet-java"
| #define PACKAGE_TARNAME "tokyocabinet-java"
| #define PACKAGE_VERSION "1.24"
| #define PACKAGE_STRING "tokyocabinet-java 1.24"
| #define PACKAGE_BUGREPORT ""
| #define PACKAGE_URL ""
| #define HAVE_LIBC 1
| #define HAVE_LIBM 1
| #define HAVE_LIBPTHREAD 1
| #define HAVE_LIBZ 1
| #define HAVE_LIBBZ2 1
| #define HAVE_LIBTOKYOCABINET 1
| /* end confdefs.h.  */
| #include <ac_nonexistent.h>
configure:3292: checking for grep that handles long lines and -e
configure:3350: result: /bin/grep
configure:3355: checking for egrep
configure:3417: result: /bin/grep -E
configure:3422: checking for ANSI C header files
configure:3442: gcc -c -g -O2 -I/usr/lib/jvm/java-7-openjdk-amd64/include/ conftest.c >&5
configure:3442: $? = 0
configure:3515: gcc -o conftest -g -O2 -I/usr/lib/jvm/java-7-openjdk-amd64/include/  conftest.c -ltokyocabinet -lbz2 -lz -lpthread -lm -lc  >&5
configure:3515: $? = 0
configure:3515: ./conftest
configure:3515: $? = 0
configure:3526: result: yes
configure:3539: checking for sys/types.h
configure:3539: gcc -c -g -O2 -I/usr/lib/jvm/java-7-openjdk-amd64/include/ conftest.c >&5
configure:3539: $? = 0
configure:3539: result: yes
configure:3539: checking for sys/stat.h
configure:3539: gcc -c -g -O2 -I/usr/lib/jvm/java-7-openjdk-amd64/include/ conftest.c >&5
configure:3539: $? = 0
configure:3539: result: yes
configure:3539: checking for stdlib.h
configure:3539: gcc -c -g -O2 -I/usr/lib/jvm/java-7-openjdk-amd64/include/ conftest.c >&5
configure:3539: $? = 0
configure:3539: result: yes
configure:3539: checking for string.h
configure:3539: gcc -c -g -O2 -I/usr/lib/jvm/java-7-openjdk-amd64/include/ conftest.c >&5
configure:3539: $? = 0
configure:3539: result: yes
configure:3539: checking for memory.h
configure:3539: gcc -c -g -O2 -I/usr/lib/jvm/java-7-openjdk-amd64/include/ conftest.c >&5
configure:3539: $? = 0
configure:3539: result: yes
configure:3539: checking for strings.h
configure:3539: gcc -c -g -O2 -I/usr/lib/jvm/java-7-openjdk-amd64/include/ conftest.c >&5
configure:3539: $? = 0
configure:3539: result: yes
configure:3539: checking for inttypes.h
configure:3539: gcc -c -g -O2 -I/usr/lib/jvm/java-7-openjdk-amd64/include/ conftest.c >&5
configure:3539: $? = 0
configure:3539: result: yes
configure:3539: checking for stdint.h
configure:3539: gcc -c -g -O2 -I/usr/lib/jvm/java-7-openjdk-amd64/include/ conftest.c >&5
configure:3539: $? = 0
configure:3539: result: yes
configure:3539: checking for unistd.h
configure:3539: gcc -c -g -O2 -I/usr/lib/jvm/java-7-openjdk-amd64/include/ conftest.c >&5
configure:3539: $? = 0
configure:3539: result: yes
configure:3552: checking for stdlib.h
configure:3552: result: yes
configure:3560: checking for stdint.h
configure:3560: result: yes
configure:3568: checking tcutil.h usability
configure:3568: gcc -c -g -O2 -I/usr/lib/jvm/java-7-openjdk-amd64/include/ conftest.c >&5
configure:3568: $? = 0
configure:3568: result: yes
configure:3568: checking tcutil.h presence
configure:3568: gcc -E -I/usr/lib/jvm/java-7-openjdk-amd64/include/ conftest.c
configure:3568: $? = 0
configure:3568: result: yes
configure:3568: checking for tcutil.h
configure:3568: result: yes
configure:3576: checking jni.h usability
configure:3576: gcc -c -g -O2 -I/usr/lib/jvm/java-7-openjdk-amd64/include/ conftest.c >&5
configure:3576: $? = 0
configure:3576: result: yes
configure:3576: checking jni.h presence
configure:3576: gcc -E -I/usr/lib/jvm/java-7-openjdk-amd64/include/ conftest.c
configure:3576: $? = 0
configure:3576: result: yes
configure:3576: checking for jni.h
configure:3576: result: yes
configure:3775: creating ./config.status

## ---------------------- ##
## Running config.status. ##
## ---------------------- ##

This file was extended by tokyocabinet-java config.status 1.24, which was
generated by GNU Autoconf 2.65.  Invocation command line was

  CONFIG_FILES    = 
  CONFIG_HEADERS  = 
  CONFIG_LINKS    = 
  CONFIG_COMMANDS = 
  $ ./config.status 

on sergey-acer

config.status:746: creating Makefile

## ---------------- ##
## Cache variables. ##
## ---------------- ##

ac_cv_c_compiler_gnu=yes
ac_cv_env_CC_set=
ac_cv_env_CC_value=
ac_cv_env_CFLAGS_set=
ac_cv_env_CFLAGS_value=
ac_cv_env_CPPFLAGS_set=set
ac_cv_env_CPPFLAGS_value=-I/usr/lib/jvm/java-7-openjdk-amd64/include/
ac_cv_env_CPP_set=
ac_cv_env_CPP_value=
ac_cv_env_LDFLAGS_set=
ac_cv_env_LDFLAGS_value=
ac_cv_env_LIBS_set=
ac_cv_env_LIBS_value=
ac_cv_env_build_alias_set=
ac_cv_env_build_alias_value=
ac_cv_env_host_alias_set=
ac_cv_env_host_alias_value=
ac_cv_env_target_alias_set=
ac_cv_env_target_alias_value=
ac_cv_header_inttypes_h=yes
ac_cv_header_jni_h=yes
ac_cv_header_memory_h=yes
ac_cv_header_stdc=yes
ac_cv_header_stdint_h=yes
ac_cv_header_stdlib_h=yes
ac_cv_header_string_h=yes
ac_cv_header_strings_h=yes
ac_cv_header_sys_stat_h=yes
ac_cv_header_sys_types_h=yes
ac_cv_header_tcutil_h=yes
ac_cv_header_unistd_h=yes
ac_cv_lib_bz2_main=yes
ac_cv_lib_c_main=yes
ac_cv_lib_m_main=yes
ac_cv_lib_pthread_main=yes
ac_cv_lib_tokyocabinet_main=yes
ac_cv_lib_z_main=yes
ac_cv_objext=o
ac_cv_path_EGREP='/bin/grep -E'
ac_cv_path_GREP=/bin/grep
ac_cv_prog_CPP='gcc -E'
ac_cv_prog_ac_ct_CC=gcc
ac_cv_prog_cc_c89=
ac_cv_prog_cc_g=yes

## ----------------- ##
## Output variables. ##
## ----------------- ##

CC='gcc'
CFLAGS='-g -O2'
CPP='gcc -E'
CPPFLAGS='-I/usr/lib/jvm/java-7-openjdk-amd64/include/'
DEFS='-DPACKAGE_NAME=\"tokyocabinet-java\" -DPACKAGE_TARNAME=\"tokyocabinet-java\" -DPACKAGE_VERSION=\"1.24\" -DPACKAGE_STRING=\"tokyocabinet-java\ 1.24\" -DPACKAGE_BUGREPORT=\"\" -DPACKAGE_URL=\"\" -DHAVE_LIBC=1 -DHAVE_LIBM=1 -DHAVE_LIBPTHREAD=1 -DHAVE_LIBZ=1 -DHAVE_LIBBZ2=1 -DHAVE_LIBTOKYOCABINET=1 -DSTDC_HEADERS=1 -DHAVE_SYS_TYPES_H=1 -DHAVE_SYS_STAT_H=1 -DHAVE_STDLIB_H=1 -DHAVE_STRING_H=1 -DHAVE_MEMORY_H=1 -DHAVE_STRINGS_H=1 -DHAVE_INTTYPES_H=1 -DHAVE_STDINT_H=1 -DHAVE_UNISTD_H=1'
ECHO_C=''
ECHO_N='-n'
ECHO_T=''
EGREP='/bin/grep -E'
EXEEXT=''
GREP='/bin/grep'
JAR='/bin/jar'
JAVAC='/bin/javac'
JAVACFLAGS='-source 1.4 -d .'
JAVADOC='/bin/javadoc'
JAVAH='/bin/javah'
JAVARUN='/bin/java'
LDFLAGS=''
LIBOBJS=''
LIBS='-ltokyocabinet -lbz2 -lz -lpthread -lm -lc '
LTLIBOBJS=''
MYCFLAGS='-std=c99 -Wall -fPIC -fsigned-char -O2'
MYCPPFLAGS='-I. -I$(INCLUDEDIR) -L/home/sergey/include -L/usr/local/include -DNDEBUG -D_GNU_SOURCE=1 -I/include -I/include/'
MYJARFILES='tokyocabinet.jar'
MYJAVAFILES='DBM.java HDB.java BDB.java BDBCUR.java BDBCMP.java FDB.java TDB.java TDBQRY.java TDBQRYPROC.java ADB.java HDBTest.java BDBTest.java FDBTest.java TDBTest.java ADBTest.java Util.java Loader.java'
MYJAVAHOME=''
MYLDFLAGS='-L. -L$(LIBDIR) -L/home/sergey/lib -L/usr/local/lib'
MYLDLIBPATHENV='LD_LIBRARY_PATH'
MYLIBOBJFILES='hdb.o bdb.o bdbcur.o fdb.o tdb.o tdbqry.o adb.o util.o myconf.o'
MYLIBRARYFILES=' libjtokyocabinet.so.1.1.0 libjtokyocabinet.so.1 libjtokyocabinet.so'
MYLIBREV='1'
MYLIBVER='1'
MYRUNPATH='$(LIBDIR):/usr/local/lib'
OBJEXT='o'
PACKAGE_BUGREPORT=''
PACKAGE_NAME='tokyocabinet-java'
PACKAGE_STRING='tokyocabinet-java 1.24'
PACKAGE_TARNAME='tokyocabinet-java'
PACKAGE_URL=''
PACKAGE_VERSION='1.24'
PATH_SEPARATOR=':'
SHELL='/bin/bash'
ac_ct_CC='gcc'
bindir='${exec_prefix}/bin'
build_alias=''
datadir='${datarootdir}'
datarootdir='${prefix}/share'
docdir='${datarootdir}/doc/${PACKAGE_TARNAME}'
dvidir='${docdir}'
exec_prefix='${prefix}'
host_alias=''
htmldir='${docdir}'
includedir='${prefix}/include'
infodir='${datarootdir}/info'
libdir='${exec_prefix}/lib'
libexecdir='${exec_prefix}/libexec'
localedir='${datarootdir}/locale'
localstatedir='${prefix}/var'
mandir='${datarootdir}/man'
oldincludedir='/usr/include'
pdfdir='${docdir}'
prefix='/usr/local'
program_transform_name='s,x,x,'
psdir='${docdir}'
sbindir='${exec_prefix}/sbin'
sharedstatedir='${prefix}/com'
sysconfdir='${prefix}/etc'
target_alias=''

## ----------- ##
## confdefs.h. ##
## ----------- ##

/* confdefs.h */
#define PACKAGE_NAME "tokyocabinet-java"
#define PACKAGE_TARNAME "tokyocabinet-java"
#define PACKAGE_VERSION "1.24"
#define PACKAGE_STRING "tokyocabinet-java 1.24"
#define PACKAGE_BUGREPORT ""
#define PACKAGE_URL ""
#define HAVE_LIBC 1
#define HAVE_LIBM 1
#define HAVE_LIBPTHREAD 1
#define HAVE_LIBZ 1
#define HAVE_LIBBZ2 1
#define HAVE_LIBTOKYOCABINET 1
#define STDC_HEADERS 1
#define HAVE_SYS_TYPES_H 1
#define HAVE_SYS_STAT_H 1
#define HAVE_STDLIB_H 1
#define HAVE_STRING_H 1
#define HAVE_MEMORY_H 1
#define HAVE_STRINGS_H 1
#define HAVE_INTTYPES_H 1
#define HAVE_STDINT_H 1
#define HAVE_UNISTD_H 1

configure: exit 0
